{
  "RSpec": {
    "coverage": {
      "/Users/katerinaboyer/Documents/Classes/431/CARPOOL/carpoolApplication/spec/models/rider_application_spec.rb": [
        1,
        null,
        1,
        10,
        null,
        1,
        1,
        1,
        1,
        1,
        1,
        1,
        1,
        null,
        null,
        1,
        1,
        1,
        null,
        null,
        1,
        1,
        1,
        null,
        null,
        1,
        1,
        1,
        null,
        null,
        1,
        1,
        1,
        null,
        null,
        1,
        1,
        1,
        null,
        null,
        1,
        1,
        1,
        null,
        null,
        1,
        1,
        1,
        null,
        null,
        1,
        1,
        1,
        null,
        null,
        null
      ],
      "/Users/katerinaboyer/Documents/Classes/431/CARPOOL/carpoolApplication/spec/rails_helper.rb": [
        null,
        1,
        1,
        null,
        1,
        null,
        null,
        1,
        1,
        null,
        null,
        null,
        null,
        null,
        null,
        null,
        null,
        null,
        null,
        null,
        null,
        null,
        null,
        null,
        null,
        null,
        null,
        null,
        1,
        1,
        null,
        0,
        0,
        null,
        1,
        null,
        1,
        null,
        null,
        null,
        null,
        1,
        null,
        null,
        null,
        null,
        null,
        null,
        null,
        null,
        null,
        null,
        null,
        null,
        null,
        null,
        1,
        null,
        null,
        1,
        null,
        null,
        null
      ],
      "/Users/katerinaboyer/Documents/Classes/431/CARPOOL/carpoolApplication/config/environment.rb": [
        null,
        1,
        null,
        null,
        1
      ],
      "/Users/katerinaboyer/Documents/Classes/431/CARPOOL/carpoolApplication/config/application.rb": [
        1,
        null,
        1,
        null,
        null,
        null,
        1,
        null,
        1,
        1,
        null,
        null,
        null,
        null,
        null
      ],
      "/Users/katerinaboyer/Documents/Classes/431/CARPOOL/carpoolApplication/config/boot.rb": [
        1,
        null,
        1
      ],
      "/Users/katerinaboyer/Documents/Classes/431/CARPOOL/carpoolApplication/config/environments/test.rb": [
        1,
        null,
        null,
        null,
        null,
        null,
        null,
        1,
        null,
        null,
        null,
        null,
        1,
        null,
        null,
        1,
        1,
        null,
        null,
        null,
        null,
        1,
        1,
        null,
        null,
        1,
        null,
        null,
        1,
        1,
        null,
        null,
        null,
        null,
        1,
        null,
        null,
        1,
        null,
        null,
        null,
        null
      ],
      "/Users/katerinaboyer/Documents/Classes/431/CARPOOL/carpoolApplication/config/initializers/application_controller_renderer.rb": [
        null,
        null,
        null,
        null,
        null,
        null
      ],
      "/Users/katerinaboyer/Documents/Classes/431/CARPOOL/carpoolApplication/config/initializers/assets.rb": [
        null,
        null,
        null,
        1,
        null,
        null,
        null,
        null,
        null,
        null,
        null
      ],
      "/Users/katerinaboyer/Documents/Classes/431/CARPOOL/carpoolApplication/config/initializers/backtrace_silencers.rb": [
        null,
        null,
        null,
        null,
        null,
        null,
        null
      ],
      "/Users/katerinaboyer/Documents/Classes/431/CARPOOL/carpoolApplication/config/initializers/cookies_serializer.rb": [
        null,
        null,
        null,
        null,
        1
      ],
      "/Users/katerinaboyer/Documents/Classes/431/CARPOOL/carpoolApplication/config/initializers/filter_parameter_logging.rb": [
        null,
        null,
        null,
        1
      ],
      "/Users/katerinaboyer/Documents/Classes/431/CARPOOL/carpoolApplication/config/initializers/inflections.rb": [
        null,
        null,
        null,
        null,
        null,
        null,
        null,
        null,
        null,
        null,
        null,
        null,
        null,
        null,
        null,
        null
      ],
      "/Users/katerinaboyer/Documents/Classes/431/CARPOOL/carpoolApplication/config/initializers/mime_types.rb": [
        null,
        null,
        null,
        null
      ],
      "/Users/katerinaboyer/Documents/Classes/431/CARPOOL/carpoolApplication/config/initializers/new_framework_defaults.rb": [
        null,
        null,
        null,
        null,
        null,
        null,
        null,
        1,
        null,
        null,
        1,
        null,
        null,
        null,
        1,
        null,
        null,
        1,
        null,
        null,
        1,
        null,
        null,
        1
      ],
      "/Users/katerinaboyer/Documents/Classes/431/CARPOOL/carpoolApplication/config/initializers/session_store.rb": [
        null,
        null,
        1
      ],
      "/Users/katerinaboyer/Documents/Classes/431/CARPOOL/carpoolApplication/config/initializers/wrap_parameters.rb": [
        null,
        null,
        null,
        null,
        null,
        null,
        1,
        2,
        null,
        null,
        null,
        null,
        null,
        null
      ],
      "/Users/katerinaboyer/Documents/Classes/431/CARPOOL/carpoolApplication/config/routes.rb": [
        1,
        1,
        1,
        null,
        null,
        null,
        null
      ],
      "/Users/katerinaboyer/Documents/Classes/431/CARPOOL/carpoolApplication/app/helpers/application_helper.rb": [
        1,
        null
      ],
      "/Users/katerinaboyer/Documents/Classes/431/CARPOOL/carpoolApplication/app/helpers/greetings_helper.rb": [
        1,
        null
      ],
      "/Users/katerinaboyer/Documents/Classes/431/CARPOOL/carpoolApplication/app/helpers/rider_applications_helper.rb": [
        1,
        null
      ],
      "/Users/katerinaboyer/Documents/Classes/431/CARPOOL/carpoolApplication/app/models/rider_application.rb": [
        1,
        1,
        1,
        1,
        1,
        1,
        1,
        1,
        null
      ],
      "/Users/katerinaboyer/Documents/Classes/431/CARPOOL/carpoolApplication/app/models/application_record.rb": [
        1,
        1,
        1,
        null
      ]
    },
    "timestamp": 1571421831
  }
}
